e:\02. projects\02. luuhv\anh tuong\modbustcp mp2300s controller\modbustcp mp2300s controller\debug\modbustcp mp2300s controller.pch
e:\02. projects\02. luuhv\anh tuong\modbustcp mp2300s controller\modbustcp mp2300s controller\debug\vc140.pdb
e:\02. projects\02. luuhv\anh tuong\modbustcp mp2300s controller\modbustcp mp2300s controller\debug\stdafx.obj
e:\02. projects\02. luuhv\anh tuong\modbustcp mp2300s controller\modbustcp mp2300s controller\debug\modbustcpmaster.obj
e:\02. projects\02. luuhv\anh tuong\modbustcp mp2300s controller\modbustcp mp2300s controller\debug\modbustcpconsole.obj
e:\02. projects\02. luuhv\anh tuong\modbustcp mp2300s controller\modbustcp mp2300s controller\debug\assemblyinfo.obj
e:\02. projects\02. luuhv\anh tuong\modbustcp mp2300s controller\debug\modbustcp mp2300s controller.exe
e:\02. projects\02. luuhv\anh tuong\modbustcp mp2300s controller\debug\modbustcp mp2300s controller.pdb
e:\02. projects\02. luuhv\anh tuong\modbustcp mp2300s controller\modbustcp mp2300s controller\debug\app.res
e:\02. projects\02. luuhv\anh tuong\modbustcp mp2300s controller\modbustcp mp2300s controller\debug\modbustc.1ceab1c2.tlog\cl.command.1.tlog
e:\02. projects\02. luuhv\anh tuong\modbustcp mp2300s controller\modbustcp mp2300s controller\debug\modbustc.1ceab1c2.tlog\cl.read.1.tlog
e:\02. projects\02. luuhv\anh tuong\modbustcp mp2300s controller\modbustcp mp2300s controller\debug\modbustc.1ceab1c2.tlog\cl.write.1.tlog
e:\02. projects\02. luuhv\anh tuong\modbustcp mp2300s controller\modbustcp mp2300s controller\debug\modbustc.1ceab1c2.tlog\link.command.1.tlog
e:\02. projects\02. luuhv\anh tuong\modbustcp mp2300s controller\modbustcp mp2300s controller\debug\modbustc.1ceab1c2.tlog\link.read.1.tlog
e:\02. projects\02. luuhv\anh tuong\modbustcp mp2300s controller\modbustcp mp2300s controller\debug\modbustc.1ceab1c2.tlog\link.write.1.tlog
e:\02. projects\02. luuhv\anh tuong\modbustcp mp2300s controller\modbustcp mp2300s controller\debug\modbustc.1ceab1c2.tlog\metagen.read.1.tlog
e:\02. projects\02. luuhv\anh tuong\modbustcp mp2300s controller\modbustcp mp2300s controller\debug\modbustc.1ceab1c2.tlog\metagen.write.1.tlog
e:\02. projects\02. luuhv\anh tuong\modbustcp mp2300s controller\modbustcp mp2300s controller\debug\modbustc.1ceab1c2.tlog\rc.command.1.tlog
e:\02. projects\02. luuhv\anh tuong\modbustcp mp2300s controller\modbustcp mp2300s controller\debug\modbustc.1ceab1c2.tlog\rc.read.1.tlog
e:\02. projects\02. luuhv\anh tuong\modbustcp mp2300s controller\modbustcp mp2300s controller\debug\modbustc.1ceab1c2.tlog\rc.write.1.tlog
e:\02. projects\02. luuhv\anh tuong\modbustcp mp2300s controller\modbustcp mp2300s controller\debug\modbustc.1ceab1c2.tlog\tzres.dll.bi
