e:\02. projects\02. luuhv\anh tuong\modbustcp with visual c++\modbustcp with visual c++\debug\modbustcp with visual c++.pch
e:\02. projects\02. luuhv\anh tuong\modbustcp with visual c++\modbustcp with visual c++\debug\vc140.pdb
e:\02. projects\02. luuhv\anh tuong\modbustcp with visual c++\modbustcp with visual c++\debug\stdafx.obj
e:\02. projects\02. luuhv\anh tuong\modbustcp with visual c++\modbustcp with visual c++\debug\modbustcpmaster.obj
e:\02. projects\02. luuhv\anh tuong\modbustcp with visual c++\modbustcp with visual c++\debug\modbustcpconsole.obj
e:\02. projects\02. luuhv\anh tuong\modbustcp with visual c++\modbustcp with visual c++\debug\assemblyinfo.obj
e:\lvtn\accesscontrollerboard\16_controller\modbustcp with visual c++\modbustcp with visual c++\debug\modbustcp with visual c++.pch
e:\lvtn\accesscontrollerboard\16_controller\modbustcp with visual c++\modbustcp with visual c++\debug\vc142.pdb
e:\lvtn\accesscontrollerboard\16_controller\modbustcp with visual c++\modbustcp with visual c++\debug\stdafx.obj
e:\lvtn\accesscontrollerboard\16_controller\modbustcp with visual c++\modbustcp with visual c++\debug\modbustcpmaster.obj
e:\lvtn\accesscontrollerboard\16_controller\modbustcp with visual c++\modbustcp with visual c++\debug\modbustcpconsole.obj
e:\lvtn\accesscontrollerboard\16_controller\modbustcp with visual c++\modbustcp with visual c++\debug\assemblyinfo.obj
e:\lvtn\accesscontrollerboard\16_controller\modbustcp with visual c++\modbustcp with visual c++\debug\.netframework,version=v4.0.assemblyattributes.obj
e:\lvtn\accesscontrollerboard\16_controller\modbustcp with visual c++\modbustcp with visual c++\debug\.netframework,version=v4.0.assemblyattributes.asm
e:\02. projects\02. luuhv\anh tuong\modbustcp with visual c++\debug\modbustcp with visual c++.exe
e:\02. projects\02. luuhv\anh tuong\modbustcp with visual c++\debug\modbustcp with visual c++.pdb
e:\lvtn\accesscontrollerboard\16_controller\modbustcp with visual c++\debug\modbustcp with visual c++.exe
e:\lvtn\accesscontrollerboard\16_controller\modbustcp with visual c++\debug\modbustcp with visual c++.pdb
e:\02. projects\02. luuhv\anh tuong\modbustcp with visual c++\modbustcp with visual c++\debug\app.res
e:\lvtn\accesscontrollerboard\16_controller\modbustcp with visual c++\modbustcp with visual c++\debug\app.res
e:\lvtn\accesscontrollerboard\16_controller\modbustcp with visual c++\modbustcp with visual c++\debug\modbustcp with visual c++.vcxprojassemblyreference.cache
e:\lvtn\accesscontrollerboard\16_controller\modbustcp with visual c++\modbustcp with visual c++\debug\modbustcp with visual c++.vcxprojresolveassemblyreference.cache
e:\lvtn\accesscontrollerboard\16_controller\modbustcp with visual c++\modbustcp with visual c++\debug\vc140.pdb
e:\lvtn\accesscontrollerboard\16_controller\modbustcp with visual c++\modbustcp with visual c++\debug\modbustc.1ceab1c2.tlog\cl.command.1.tlog
e:\lvtn\accesscontrollerboard\16_controller\modbustcp with visual c++\modbustcp with visual c++\debug\modbustc.1ceab1c2.tlog\cl.read.1.tlog
e:\lvtn\accesscontrollerboard\16_controller\modbustcp with visual c++\modbustcp with visual c++\debug\modbustc.1ceab1c2.tlog\cl.write.1.tlog
e:\lvtn\accesscontrollerboard\16_controller\modbustcp with visual c++\modbustcp with visual c++\debug\modbustc.1ceab1c2.tlog\link.command.1.tlog
e:\lvtn\accesscontrollerboard\16_controller\modbustcp with visual c++\modbustcp with visual c++\debug\modbustc.1ceab1c2.tlog\link.read.1.tlog
e:\lvtn\accesscontrollerboard\16_controller\modbustcp with visual c++\modbustcp with visual c++\debug\modbustc.1ceab1c2.tlog\link.write.1.tlog
e:\lvtn\accesscontrollerboard\16_controller\modbustcp with visual c++\modbustcp with visual c++\debug\modbustc.1ceab1c2.tlog\metagen.read.1.tlog
e:\lvtn\accesscontrollerboard\16_controller\modbustcp with visual c++\modbustcp with visual c++\debug\modbustc.1ceab1c2.tlog\metagen.write.1.tlog
e:\lvtn\accesscontrollerboard\16_controller\modbustcp with visual c++\modbustcp with visual c++\debug\modbustc.1ceab1c2.tlog\rc.command.1.tlog
e:\lvtn\accesscontrollerboard\16_controller\modbustcp with visual c++\modbustcp with visual c++\debug\modbustc.1ceab1c2.tlog\rc.read.1.tlog
e:\lvtn\accesscontrollerboard\16_controller\modbustcp with visual c++\modbustcp with visual c++\debug\modbustc.1ceab1c2.tlog\rc.write.1.tlog
e:\lvtn\accesscontrollerboard\16_controller\modbustcp with visual c++\modbustcp with visual c++\debug\modbustc.1ceab1c2.tlog\tzres.dll.bi
